Step: build-step-credential-initializer:

{"level":"warn","ts":1549392716.1579914,"logger":"fallback-logger","caller":"logging/config.go:65","msg":"Fetch GitHub commit ID from kodata failed: \"ref: refs/heads/test\" is not a valid GitHub commit ID"}
{"level":"info","ts":1549392716.1583107,"logger":"fallback-logger","caller":"creds-init/main.go:40","msg":"Credentials initialized."}
Step: build-step-git-source-0:

{"level":"warn","ts":1549392722.0556064,"logger":"fallback-logger","caller":"logging/config.go:65","msg":"Fetch GitHub commit ID from kodata failed: \"ref: refs/heads/test\" is not a valid GitHub commit ID"}
{"level":"info","ts":1549392724.600834,"logger":"fallback-logger","caller":"git-init/main.go:92","msg":"Successfully cloned \"https://github.com/cjpeden/quickstart-test.git\" @ \"master\" in path \"/workspace\""}
Step: build-step-jenkins:

Picked up _JAVA_OPTIONS: -Xmx400m
Started
Running in Durability level: PERFORMANCE_OPTIMIZED
  13.471 [id=47]	WARNING	i.f.k.c.i.VersionUsageUtils#alert: The client is using resource type 'customresourcedefinitions' with unstable version 'v1beta1'
[Pipeline] node
Running on Jenkins in /tmp/jenkinsTests.tmp/jenkins1174850330778716771test/workspace/job
[Pipeline] {
[Pipeline] stage
[Pipeline] { (Declarative: Checkout SCM)
[Pipeline] checkout
[Pipeline] }
[Pipeline] // stage
[Pipeline] withCredentials
[Pipeline] {
[Pipeline] withEnv
[Pipeline] {
[Pipeline] stage
[Pipeline] { (CI Build and push snapshot)
Stage "CI Build and push snapshot" skipped due to when conditional
[Pipeline] }
[Pipeline] // stage
[Pipeline] stage
[Pipeline] { (Build Release)
[Pipeline] git
 > git rev-parse --is-inside-work-tree # timeout=10
Fetching changes from the remote Git repository
 > git config remote.origin.url https://github.com/cjpeden/quickstart-test.git # timeout=10
Fetching upstream changes from https://github.com/cjpeden/quickstart-test.git
 > git --version # timeout=10
 > git fetch --tags --progress https://github.com/cjpeden/quickstart-test.git +refs/heads/*:refs/remotes/origin/*
 > git rev-parse refs/remotes/origin/master^{commit} # timeout=10
 > git rev-parse refs/remotes/origin/origin/master^{commit} # timeout=10
Checking out Revision 00e3621562935c2ff62a5f92ee6e358167dd90db (refs/remotes/origin/master)
 > git config core.sparsecheckout # timeout=10
 > git checkout -f 00e3621562935c2ff62a5f92ee6e358167dd90db
 > git branch -a -v --no-abbrev # timeout=10
 > git branch -D master # timeout=10
 > git checkout -b master 00e3621562935c2ff62a5f92ee6e358167dd90db
Commit message: "fix:(plugins) use a better version of maven plugins"
First time build. Skipping changelog.
[Pipeline] sh
+ jx-release-version
+ echo 1.0.0
[Pipeline] sh
+ cat VERSION
+ mvn versions:set -DnewVersion=1.0.0
Picked up _JAVA_OPTIONS: -Xmx400m
[INFO] Scanning for projects...
[INFO] Downloading from nexus: http://nexus/repository/maven-group/org/jenkins-ci/plugins/plugin/3.32/plugin-3.32.pom
[ERROR] [ERROR] Some problems were encountered while processing the POMs:
[FATAL] Non-resolvable parent POM for io.jenkins-x.serverless:parent:1.0-SNAPSHOT: Could not transfer artifact org.jenkins-ci.plugins:plugin:pom:3.32 from/to nexus (http://nexus/repository/maven-group/): Not authorized , ReasonPhrase:Unauthorized. and 'parent.relativePath' points at wrong local POM @ line 7, column 11
 @ 
[ERROR] The build could not read 1 project -> [Help 1]
[ERROR]   
[ERROR]   The project io.jenkins-x.serverless:parent:1.0-SNAPSHOT (/tmp/jenkinsTests.tmp/jenkins1174850330778716771test/workspace/job/pom.xml) has 1 error
[ERROR]     Non-resolvable parent POM for io.jenkins-x.serverless:parent:1.0-SNAPSHOT: Could not transfer artifact org.jenkins-ci.plugins:plugin:pom:3.32 from/to nexus (http://nexus/repository/maven-group/): Not authorized , ReasonPhrase:Unauthorized. and 'parent.relativePath' points at wrong local POM @ line 7, column 11 -> [Help 2]
[ERROR] 
[ERROR] To see the full stack trace of the errors, re-run Maven with the -e switch.
[ERROR] Re-run Maven using the -X switch to enable full debug logging.
[ERROR] 
[ERROR] For more information about the errors and possible solutions, please read the following articles:
[ERROR] [Help 1] http://cwiki.apache.org/confluence/display/MAVEN/ProjectBuildingException
[ERROR] [Help 2] http://cwiki.apache.org/confluence/display/MAVEN/UnresolvableModelException
[Pipeline] }
[Pipeline] // stage
[Pipeline] stage
[Pipeline] { (Promote to Environments)
Stage "Promote to Environments" skipped due to earlier failure(s)
[Pipeline] }
[Pipeline] // stage
[Pipeline] }
[Pipeline] // withEnv
[Pipeline] }
[Pipeline] // withCredentials
[Pipeline] }
[Pipeline] // node
[Pipeline] End of Pipeline
ERROR: script returned exit code 1
Finished: FAILURE
